[debug] [2020-11-29T17:54:56.459Z] ----------------------------------------------------------------------
[debug] [2020-11-29T17:54:56.460Z] Command:       /Users/musta88/.nvm/versions/node/v13.12.0/bin/node /Users/musta88/.nvm/versions/node/v13.12.0/bin/firebase emulators:start
[debug] [2020-11-29T17:54:56.461Z] CLI Version:   8.16.2
[debug] [2020-11-29T17:54:56.461Z] Platform:      darwin
[debug] [2020-11-29T17:54:56.461Z] Node Version:  v13.12.0
[debug] [2020-11-29T17:54:56.462Z] Time:          Sun Nov 29 2020 17:54:56 GMT+0000 (Greenwich Mean Time)
[debug] [2020-11-29T17:54:56.462Z] ----------------------------------------------------------------------
[debug] [2020-11-29T17:54:56.462Z] 
[debug] [2020-11-29T17:54:56.466Z] > command requires scopes: ["email","openid","https://www.googleapis.com/auth/cloudplatformprojects.readonly","https://www.googleapis.com/auth/firebase","https://www.googleapis.com/auth/cloud-platform"]
[debug] [2020-11-29T17:54:56.466Z] > authorizing via signed-in user
[info] i  emulators: Starting emulators: functions, hosting {"metadata":{"emulator":{"name":"hub"},"message":"Starting emulators: functions, hosting"}}
[debug] [2020-11-29T17:54:56.480Z] [hub] writing locator at /var/folders/lt/wlsxkr9s7gj941sm8z85j0n00000gn/T/hub-clone-project-54181.json
[warn] ⚠  functions: The following emulators are not running, calls to these services from the Functions emulator will affect production: auth, firestore, database, pubsub {"metadata":{"emulator":{"name":"functions"},"message":"The following emulators are not running, calls to these services from the Functions emulator will affect production: \u001b[1mauth, firestore, database, pubsub\u001b[22m"}}
[warn] ⚠  Your requested "node" version "12" doesn't match your global version "13" {"metadata":{"emulator":{"name":"functions"},"message":"Your requested \"node\" version \"12\" doesn't match your global version \"13\""}}
[debug] [2020-11-29T17:54:56.497Z] defaultcredentials: writing to file /Users/musta88/.config/firebase/musta7188_gmail_com_application_default_credentials.json
[debug] [2020-11-29T17:54:56.507Z] Setting GAC to /Users/musta88/.config/firebase/musta7188_gmail_com_application_default_credentials.json {"metadata":{"emulator":{"name":"functions"},"message":"Setting GAC to /Users/musta88/.config/firebase/musta7188_gmail_com_application_default_credentials.json"}}
[debug] [2020-11-29T17:54:56.771Z] >>> HTTP REQUEST GET https://firebase.googleapis.com/v1beta1/projects/clone-project-54181/webApps/-/config  
 
[debug] [2020-11-29T17:54:57.553Z] <<< HTTP RESPONSE 200 {"content-type":"application/json; charset=UTF-8","vary":"X-Origin, Referer, Origin,Accept-Encoding","date":"Sun, 29 Nov 2020 17:54:57 GMT","server":"ESF","cache-control":"private","x-xss-protection":"0","x-frame-options":"SAMEORIGIN","x-content-type-options":"nosniff","alt-svc":"h3-29=\":443\"; ma=2592000,h3-T051=\":443\"; ma=2592000,h3-Q050=\":443\"; ma=2592000,h3-Q046=\":443\"; ma=2592000,h3-Q043=\":443\"; ma=2592000,quic=\":443\"; ma=2592000; v=\"46,43\"","accept-ranges":"none","transfer-encoding":"chunked"}
[info] i  hosting: Serving hosting files from: build {"metadata":{"emulator":{"name":"hosting"},"message":"Serving hosting files from: \u001b[1mbuild\u001b[22m"}}
[info] ✔  hosting: Local server: http://localhost:5000 {"metadata":{"emulator":{"name":"hosting"},"message":"Local server: \u001b[4m\u001b[1mhttp://localhost:5000\u001b[22m\u001b[24m"}}
[debug] [2020-11-29T17:54:57.843Z] Ignoring unsupported arg: auto_download {"metadata":{"emulator":{"name":"ui"},"message":"Ignoring unsupported arg: auto_download"}}
[debug] [2020-11-29T17:54:57.843Z] Ignoring unsupported arg: port {"metadata":{"emulator":{"name":"ui"},"message":"Ignoring unsupported arg: port"}}
[debug] [2020-11-29T17:54:57.843Z] Starting Emulator UI with command {"binary":"node","args":["/Users/musta88/.cache/firebase/emulators/ui-v1.2.2/server.bundle.js"],"optionalArgs":[],"joinArgs":false} {"metadata":{"emulator":{"name":"ui"},"message":"Starting Emulator UI with command {\"binary\":\"node\",\"args\":[\"/Users/musta88/.cache/firebase/emulators/ui-v1.2.2/server.bundle.js\"],\"optionalArgs\":[],\"joinArgs\":false}"}}
[info] i  ui: Emulator UI logging to ui-debug.log {"metadata":{"emulator":{"name":"ui"},"message":"Emulator UI logging to \u001b[1mui-debug.log\u001b[22m"}}
[debug] [2020-11-29T17:54:57.917Z] Web / API server started at http://localhost:4000
 {"metadata":{"emulator":{"name":"ui"},"message":"Web / API server started at http://localhost:4000\n"}}
[info] i  functions: Watching "/Users/musta88/Development/code/Amazon-clone/amazon-clone/functions" for Cloud Functions... {"metadata":{"emulator":{"name":"functions"},"message":"Watching \"/Users/musta88/Development/code/Amazon-clone/amazon-clone/functions\" for Cloud Functions..."}}
[debug] [2020-11-29T17:54:58.119Z] [worker-pool] addWorker(~diagnostic~) {"metadata":{"emulator":{"name":"functions"},"message":"[worker-pool] addWorker(~diagnostic~)"}}
[debug] [2020-11-29T17:54:58.119Z] [worker-pool] Adding worker with key ~diagnostic~, total=1 {"metadata":{"emulator":{"name":"functions"},"message":"[worker-pool] Adding worker with key ~diagnostic~, total=1"}}
[debug] [2020-11-29T17:54:58.119Z] [worker-pool] submitWork(triggerId=) {"metadata":{"emulator":{"name":"functions"},"message":"[worker-pool] submitWork(triggerId=)"}}
[debug] [2020-11-29T17:54:58.120Z] [worker-~diagnostic~-a5870c2f-7e73-463f-9c45-ed95f7f784d3]: Assigning socketPath: /var/folders/lt/wlsxkr9s7gj941sm8z85j0n00000gn/T/fire_emu_11972.sock {"metadata":{"emulator":{"name":"functions"},"message":"[worker-~diagnostic~-a5870c2f-7e73-463f-9c45-ed95f7f784d3]: Assigning socketPath: /var/folders/lt/wlsxkr9s7gj941sm8z85j0n00000gn/T/fire_emu_11972.sock"}}
[debug] [2020-11-29T17:54:58.120Z] [worker-~diagnostic~-a5870c2f-7e73-463f-9c45-ed95f7f784d3]: BUSY {"metadata":{"emulator":{"name":"functions"},"message":"[worker-~diagnostic~-a5870c2f-7e73-463f-9c45-ed95f7f784d3]: BUSY"}}
[debug] [2020-11-29T17:54:58.315Z] [runtime-status] [11972] Functions runtime initialized. {"cwd":"/Users/musta88/Development/code/Amazon-clone/amazon-clone/functions","node_version":"13.12.0"} {"metadata":{"emulator":{"name":"functions"},"message":"[runtime-status] [11972] Functions runtime initialized. {\"cwd\":\"/Users/musta88/Development/code/Amazon-clone/amazon-clone/functions\",\"node_version\":\"13.12.0\"}"}}
[debug] [2020-11-29T17:54:58.316Z] [runtime-status] [11972] Disabled runtime features: undefined {"metadata":{"emulator":{"name":"functions"},"message":"[runtime-status] [11972] Disabled runtime features: undefined"}}
[debug] [2020-11-29T17:54:58.317Z] [runtime-status] [11972] Resolved module firebase-admin {"declared":true,"installed":true,"version":"9.4.1","resolution":"/Users/musta88/Development/code/Amazon-clone/amazon-clone/functions/node_modules/firebase-admin/lib/index.js"} {"metadata":{"emulator":{"name":"functions"},"message":"[runtime-status] [11972] Resolved module firebase-admin {\"declared\":true,\"installed\":true,\"version\":\"9.4.1\",\"resolution\":\"/Users/musta88/Development/code/Amazon-clone/amazon-clone/functions/node_modules/firebase-admin/lib/index.js\"}"}}
[debug] [2020-11-29T17:54:58.318Z] [runtime-status] [11972] Resolved module firebase-functions {"declared":true,"installed":true,"version":"3.11.0","resolution":"/Users/musta88/Development/code/Amazon-clone/amazon-clone/functions/node_modules/firebase-functions/lib/index.js"} {"metadata":{"emulator":{"name":"functions"},"message":"[runtime-status] [11972] Resolved module firebase-functions {\"declared\":true,\"installed\":true,\"version\":\"3.11.0\",\"resolution\":\"/Users/musta88/Development/code/Amazon-clone/amazon-clone/functions/node_modules/firebase-functions/lib/index.js\"}"}}
[debug] [2020-11-29T17:54:58.319Z] [runtime-status] [11972] Resolved module firebase-functions {"declared":true,"installed":true,"version":"3.11.0","resolution":"/Users/musta88/Development/code/Amazon-clone/amazon-clone/functions/node_modules/firebase-functions/lib/index.js"} {"metadata":{"emulator":{"name":"functions"},"message":"[runtime-status] [11972] Resolved module firebase-functions {\"declared\":true,\"installed\":true,\"version\":\"3.11.0\",\"resolution\":\"/Users/musta88/Development/code/Amazon-clone/amazon-clone/functions/node_modules/firebase-functions/lib/index.js\"}"}}
[debug] [2020-11-29T17:54:58.321Z] [runtime-status] [11972] Outgoing network have been stubbed. [{"name":"http","status":"mocked"},{"name":"http","status":"mocked"},{"name":"https","status":"mocked"},{"name":"https","status":"mocked"},{"name":"net","status":"mocked"}] {"metadata":{"emulator":{"name":"functions"},"message":"[runtime-status] [11972] Outgoing network have been stubbed. [{\"name\":\"http\",\"status\":\"mocked\"},{\"name\":\"http\",\"status\":\"mocked\"},{\"name\":\"https\",\"status\":\"mocked\"},{\"name\":\"https\",\"status\":\"mocked\"},{\"name\":\"net\",\"status\":\"mocked\"}]"}}
[debug] [2020-11-29T17:54:58.321Z] [runtime-status] [11972] Resolved module firebase-functions {"declared":true,"installed":true,"version":"3.11.0","resolution":"/Users/musta88/Development/code/Amazon-clone/amazon-clone/functions/node_modules/firebase-functions/lib/index.js"} {"metadata":{"emulator":{"name":"functions"},"message":"[runtime-status] [11972] Resolved module firebase-functions {\"declared\":true,\"installed\":true,\"version\":\"3.11.0\",\"resolution\":\"/Users/musta88/Development/code/Amazon-clone/amazon-clone/functions/node_modules/firebase-functions/lib/index.js\"}"}}
[debug] [2020-11-29T17:54:58.345Z] [runtime-status] [11972] Checked functions.config() {"config":{}} {"metadata":{"emulator":{"name":"functions"},"message":"[runtime-status] [11972] Checked functions.config() {\"config\":{}}"}}
[debug] [2020-11-29T17:54:58.345Z] [runtime-status] [11972] firebase-functions has been stubbed. {"functionsResolution":{"declared":true,"installed":true,"version":"3.11.0","resolution":"/Users/musta88/Development/code/Amazon-clone/amazon-clone/functions/node_modules/firebase-functions/lib/index.js"}} {"metadata":{"emulator":{"name":"functions"},"message":"[runtime-status] [11972] firebase-functions has been stubbed. {\"functionsResolution\":{\"declared\":true,\"installed\":true,\"version\":\"3.11.0\",\"resolution\":\"/Users/musta88/Development/code/Amazon-clone/amazon-clone/functions/node_modules/firebase-functions/lib/index.js\"}}"}}
[debug] [2020-11-29T17:54:58.346Z] [runtime-status] [11972] Resolved module firebase-functions {"declared":true,"installed":true,"version":"3.11.0","resolution":"/Users/musta88/Development/code/Amazon-clone/amazon-clone/functions/node_modules/firebase-functions/lib/index.js"} {"metadata":{"emulator":{"name":"functions"},"message":"[runtime-status] [11972] Resolved module firebase-functions {\"declared\":true,\"installed\":true,\"version\":\"3.11.0\",\"resolution\":\"/Users/musta88/Development/code/Amazon-clone/amazon-clone/functions/node_modules/firebase-functions/lib/index.js\"}"}}
[debug] [2020-11-29T17:54:58.346Z] [runtime-status] [11972] Resolved module firebase-admin {"declared":true,"installed":true,"version":"9.4.1","resolution":"/Users/musta88/Development/code/Amazon-clone/amazon-clone/functions/node_modules/firebase-admin/lib/index.js"} {"metadata":{"emulator":{"name":"functions"},"message":"[runtime-status] [11972] Resolved module firebase-admin {\"declared\":true,\"installed\":true,\"version\":\"9.4.1\",\"resolution\":\"/Users/musta88/Development/code/Amazon-clone/amazon-clone/functions/node_modules/firebase-admin/lib/index.js\"}"}}
[debug] [2020-11-29T17:54:58.347Z] [runtime-status] [11972] Resolved module firebase-functions {"declared":true,"installed":true,"version":"3.11.0","resolution":"/Users/musta88/Development/code/Amazon-clone/amazon-clone/functions/node_modules/firebase-functions/lib/index.js"} {"metadata":{"emulator":{"name":"functions"},"message":"[runtime-status] [11972] Resolved module firebase-functions {\"declared\":true,\"installed\":true,\"version\":\"3.11.0\",\"resolution\":\"/Users/musta88/Development/code/Amazon-clone/amazon-clone/functions/node_modules/firebase-functions/lib/index.js\"}"}}
[debug] [2020-11-29T17:54:58.347Z] [runtime-status] [11972] firebase-admin has been stubbed. {"adminResolution":{"declared":true,"installed":true,"version":"9.4.1","resolution":"/Users/musta88/Development/code/Amazon-clone/amazon-clone/functions/node_modules/firebase-admin/lib/index.js"}} {"metadata":{"emulator":{"name":"functions"},"message":"[runtime-status] [11972] firebase-admin has been stubbed. {\"adminResolution\":{\"declared\":true,\"installed\":true,\"version\":\"9.4.1\",\"resolution\":\"/Users/musta88/Development/code/Amazon-clone/amazon-clone/functions/node_modules/firebase-admin/lib/index.js\"}}"}}
[info] ✔  functions[api]: http function initialized (http://localhost:5001/clone-project-54181/us-central1/api). {"metadata":{"emulator":{"name":"functions"},"message":"\u001b[1mhttp\u001b[22m function initialized (http://localhost:5001/clone-project-54181/us-central1/api)."}}
[info] 
┌────────────────────────────────────────────────────────────────┐
│ ✔  All emulators ready! View status and logs at localhost:4000 │
└────────────────────────────────────────────────────────────────┘

┌───────────┬────────────────┬──────────────────────────┐
│ Emulator  │ Host:Port      │ View in Emulator UI      │
├───────────┼────────────────┼──────────────────────────┤
│ Functions │ localhost:5001 │ localhost:4000/functions │
├───────────┼────────────────┼──────────────────────────┤
│ Hosting   │ localhost:5000 │ n/a                      │
└───────────┴────────────────┴──────────────────────────┘
  Other reserved ports: 4400, 4500

Issues? Report them at https://github.com/firebase/firebase-tools/issues and attach the *-debug.log files.
 
[debug] [2020-11-29T17:54:58.423Z] [worker-~diagnostic~-a5870c2f-7e73-463f-9c45-ed95f7f784d3]: IDLE {"metadata":{"emulator":{"name":"functions"},"message":"[worker-~diagnostic~-a5870c2f-7e73-463f-9c45-ed95f7f784d3]: IDLE"}}
[debug] [2020-11-29T18:14:17.258Z] File /Users/musta88/Development/code/Amazon-clone/amazon-clone/functions/index.js changed, reloading triggers {"metadata":{"emulator":{"name":"functions"},"message":"File /Users/musta88/Development/code/Amazon-clone/amazon-clone/functions/index.js changed, reloading triggers"}}
[debug] [2020-11-29T18:14:18.262Z] [worker-pool] Shutting down IDLE worker (~diagnostic~) {"metadata":{"emulator":{"name":"functions"},"message":"[worker-pool] Shutting down IDLE worker (~diagnostic~)"}}
[debug] [2020-11-29T18:14:18.263Z] [worker-~diagnostic~-a5870c2f-7e73-463f-9c45-ed95f7f784d3]: FINISHING {"metadata":{"emulator":{"name":"functions"},"message":"[worker-~diagnostic~-a5870c2f-7e73-463f-9c45-ed95f7f784d3]: FINISHING"}}
[debug] [2020-11-29T18:14:18.270Z] [worker-pool] addWorker(~diagnostic~) {"metadata":{"emulator":{"name":"functions"},"message":"[worker-pool] addWorker(~diagnostic~)"}}
[debug] [2020-11-29T18:14:18.270Z] [worker-pool] Adding worker with key ~diagnostic~, total=2 {"metadata":{"emulator":{"name":"functions"},"message":"[worker-pool] Adding worker with key ~diagnostic~, total=2"}}
[debug] [2020-11-29T18:14:18.271Z] [worker-pool] submitWork(triggerId=) {"metadata":{"emulator":{"name":"functions"},"message":"[worker-pool] submitWork(triggerId=)"}}
[debug] [2020-11-29T18:14:18.271Z] [worker-~diagnostic~-93a0ea36-7e2d-44b8-a167-4d2186b4b9c6]: Assigning socketPath: /var/folders/lt/wlsxkr9s7gj941sm8z85j0n00000gn/T/fire_emu_12186.sock {"metadata":{"emulator":{"name":"functions"},"message":"[worker-~diagnostic~-93a0ea36-7e2d-44b8-a167-4d2186b4b9c6]: Assigning socketPath: /var/folders/lt/wlsxkr9s7gj941sm8z85j0n00000gn/T/fire_emu_12186.sock"}}
[debug] [2020-11-29T18:14:18.271Z] [worker-~diagnostic~-93a0ea36-7e2d-44b8-a167-4d2186b4b9c6]: BUSY {"metadata":{"emulator":{"name":"functions"},"message":"[worker-~diagnostic~-93a0ea36-7e2d-44b8-a167-4d2186b4b9c6]: BUSY"}}
[debug] [2020-11-29T18:14:18.273Z] [worker-~diagnostic~-a5870c2f-7e73-463f-9c45-ed95f7f784d3]: exited {"metadata":{"emulator":{"name":"functions"},"message":"[worker-~diagnostic~-a5870c2f-7e73-463f-9c45-ed95f7f784d3]: exited"}}
[debug] [2020-11-29T18:14:18.273Z] [worker-~diagnostic~-a5870c2f-7e73-463f-9c45-ed95f7f784d3]: FINISHED {"metadata":{"emulator":{"name":"functions"},"message":"[worker-~diagnostic~-a5870c2f-7e73-463f-9c45-ed95f7f784d3]: FINISHED"}}
[debug] [2020-11-29T18:14:18.502Z] [runtime-status] [12186] Functions runtime initialized. {"cwd":"/Users/musta88/Development/code/Amazon-clone/amazon-clone/functions","node_version":"13.12.0"} {"metadata":{"emulator":{"name":"functions"},"message":"[runtime-status] [12186] Functions runtime initialized. {\"cwd\":\"/Users/musta88/Development/code/Amazon-clone/amazon-clone/functions\",\"node_version\":\"13.12.0\"}"}}
[debug] [2020-11-29T18:14:18.503Z] [runtime-status] [12186] Disabled runtime features: undefined {"metadata":{"emulator":{"name":"functions"},"message":"[runtime-status] [12186] Disabled runtime features: undefined"}}
[debug] [2020-11-29T18:14:18.505Z] [runtime-status] [12186] Resolved module firebase-admin {"declared":true,"installed":true,"version":"9.4.1","resolution":"/Users/musta88/Development/code/Amazon-clone/amazon-clone/functions/node_modules/firebase-admin/lib/index.js"} {"metadata":{"emulator":{"name":"functions"},"message":"[runtime-status] [12186] Resolved module firebase-admin {\"declared\":true,\"installed\":true,\"version\":\"9.4.1\",\"resolution\":\"/Users/musta88/Development/code/Amazon-clone/amazon-clone/functions/node_modules/firebase-admin/lib/index.js\"}"}}
[debug] [2020-11-29T18:14:18.505Z] [runtime-status] [12186] Resolved module firebase-functions {"declared":true,"installed":true,"version":"3.11.0","resolution":"/Users/musta88/Development/code/Amazon-clone/amazon-clone/functions/node_modules/firebase-functions/lib/index.js"} {"metadata":{"emulator":{"name":"functions"},"message":"[runtime-status] [12186] Resolved module firebase-functions {\"declared\":true,\"installed\":true,\"version\":\"3.11.0\",\"resolution\":\"/Users/musta88/Development/code/Amazon-clone/amazon-clone/functions/node_modules/firebase-functions/lib/index.js\"}"}}
[debug] [2020-11-29T18:14:18.507Z] [runtime-status] [12186] Resolved module firebase-functions {"declared":true,"installed":true,"version":"3.11.0","resolution":"/Users/musta88/Development/code/Amazon-clone/amazon-clone/functions/node_modules/firebase-functions/lib/index.js"} {"metadata":{"emulator":{"name":"functions"},"message":"[runtime-status] [12186] Resolved module firebase-functions {\"declared\":true,\"installed\":true,\"version\":\"3.11.0\",\"resolution\":\"/Users/musta88/Development/code/Amazon-clone/amazon-clone/functions/node_modules/firebase-functions/lib/index.js\"}"}}
[debug] [2020-11-29T18:14:18.508Z] [runtime-status] [12186] Outgoing network have been stubbed. [{"name":"http","status":"mocked"},{"name":"http","status":"mocked"},{"name":"https","status":"mocked"},{"name":"https","status":"mocked"},{"name":"net","status":"mocked"}] {"metadata":{"emulator":{"name":"functions"},"message":"[runtime-status] [12186] Outgoing network have been stubbed. [{\"name\":\"http\",\"status\":\"mocked\"},{\"name\":\"http\",\"status\":\"mocked\"},{\"name\":\"https\",\"status\":\"mocked\"},{\"name\":\"https\",\"status\":\"mocked\"},{\"name\":\"net\",\"status\":\"mocked\"}]"}}
[debug] [2020-11-29T18:14:18.508Z] [runtime-status] [12186] Resolved module firebase-functions {"declared":true,"installed":true,"version":"3.11.0","resolution":"/Users/musta88/Development/code/Amazon-clone/amazon-clone/functions/node_modules/firebase-functions/lib/index.js"} {"metadata":{"emulator":{"name":"functions"},"message":"[runtime-status] [12186] Resolved module firebase-functions {\"declared\":true,\"installed\":true,\"version\":\"3.11.0\",\"resolution\":\"/Users/musta88/Development/code/Amazon-clone/amazon-clone/functions/node_modules/firebase-functions/lib/index.js\"}"}}
[debug] [2020-11-29T18:14:18.535Z] [runtime-status] [12186] Checked functions.config() {"config":{}} {"metadata":{"emulator":{"name":"functions"},"message":"[runtime-status] [12186] Checked functions.config() {\"config\":{}}"}}
[debug] [2020-11-29T18:14:18.535Z] [runtime-status] [12186] firebase-functions has been stubbed. {"functionsResolution":{"declared":true,"installed":true,"version":"3.11.0","resolution":"/Users/musta88/Development/code/Amazon-clone/amazon-clone/functions/node_modules/firebase-functions/lib/index.js"}} {"metadata":{"emulator":{"name":"functions"},"message":"[runtime-status] [12186] firebase-functions has been stubbed. {\"functionsResolution\":{\"declared\":true,\"installed\":true,\"version\":\"3.11.0\",\"resolution\":\"/Users/musta88/Development/code/Amazon-clone/amazon-clone/functions/node_modules/firebase-functions/lib/index.js\"}}"}}
[debug] [2020-11-29T18:14:18.535Z] [runtime-status] [12186] Resolved module firebase-functions {"declared":true,"installed":true,"version":"3.11.0","resolution":"/Users/musta88/Development/code/Amazon-clone/amazon-clone/functions/node_modules/firebase-functions/lib/index.js"} {"metadata":{"emulator":{"name":"functions"},"message":"[runtime-status] [12186] Resolved module firebase-functions {\"declared\":true,\"installed\":true,\"version\":\"3.11.0\",\"resolution\":\"/Users/musta88/Development/code/Amazon-clone/amazon-clone/functions/node_modules/firebase-functions/lib/index.js\"}"}}
[debug] [2020-11-29T18:14:18.536Z] [runtime-status] [12186] Resolved module firebase-admin {"declared":true,"installed":true,"version":"9.4.1","resolution":"/Users/musta88/Development/code/Amazon-clone/amazon-clone/functions/node_modules/firebase-admin/lib/index.js"} {"metadata":{"emulator":{"name":"functions"},"message":"[runtime-status] [12186] Resolved module firebase-admin {\"declared\":true,\"installed\":true,\"version\":\"9.4.1\",\"resolution\":\"/Users/musta88/Development/code/Amazon-clone/amazon-clone/functions/node_modules/firebase-admin/lib/index.js\"}"}}
[debug] [2020-11-29T18:14:18.536Z] [runtime-status] [12186] Resolved module firebase-functions {"declared":true,"installed":true,"version":"3.11.0","resolution":"/Users/musta88/Development/code/Amazon-clone/amazon-clone/functions/node_modules/firebase-functions/lib/index.js"} {"metadata":{"emulator":{"name":"functions"},"message":"[runtime-status] [12186] Resolved module firebase-functions {\"declared\":true,\"installed\":true,\"version\":\"3.11.0\",\"resolution\":\"/Users/musta88/Development/code/Amazon-clone/amazon-clone/functions/node_modules/firebase-functions/lib/index.js\"}"}}
[debug] [2020-11-29T18:14:18.537Z] [runtime-status] [12186] firebase-admin has been stubbed. {"adminResolution":{"declared":true,"installed":true,"version":"9.4.1","resolution":"/Users/musta88/Development/code/Amazon-clone/amazon-clone/functions/node_modules/firebase-admin/lib/index.js"}} {"metadata":{"emulator":{"name":"functions"},"message":"[runtime-status] [12186] firebase-admin has been stubbed. {\"adminResolution\":{\"declared\":true,\"installed\":true,\"version\":\"9.4.1\",\"resolution\":\"/Users/musta88/Development/code/Amazon-clone/amazon-clone/functions/node_modules/firebase-admin/lib/index.js\"}}"}}
[debug] [2020-11-29T18:14:18.610Z] [worker-~diagnostic~-93a0ea36-7e2d-44b8-a167-4d2186b4b9c6]: IDLE {"metadata":{"emulator":{"name":"functions"},"message":"[worker-~diagnostic~-93a0ea36-7e2d-44b8-a167-4d2186b4b9c6]: IDLE"}}
[debug] [2020-11-29T18:14:39.750Z] [work-queue] {"queueLength":1,"workRunningCount":0}
[debug] [2020-11-29T18:14:39.750Z] [work-queue] {"queueLength":0,"workRunningCount":1}
[debug] [2020-11-29T18:14:39.750Z] Accepted request GET /clone-project-54181/us-central1/api --> api
[debug] [2020-11-29T18:14:39.751Z] [worker-pool] Cleaned up workers for ~diagnostic~: 2 --> 1 {"metadata":{"emulator":{"name":"functions"},"message":"[worker-pool] Cleaned up workers for ~diagnostic~: 2 --> 1"}}
[debug] [2020-11-29T18:14:39.755Z] [worker-pool] addWorker(api) {"metadata":{"emulator":{"name":"functions"},"message":"[worker-pool] addWorker(api)"}}
[debug] [2020-11-29T18:14:39.755Z] [worker-pool] Adding worker with key api, total=1 {"metadata":{"emulator":{"name":"functions"},"message":"[worker-pool] Adding worker with key api, total=1"}}
[debug] [2020-11-29T18:14:39.755Z] [worker-pool] submitWork(triggerId=api) {"metadata":{"emulator":{"name":"functions"},"message":"[worker-pool] submitWork(triggerId=api)"}}
[debug] [2020-11-29T18:14:39.755Z] [worker-api-a1d46478-d716-4067-beca-8e1ac0851930]: Assigning socketPath: /var/folders/lt/wlsxkr9s7gj941sm8z85j0n00000gn/T/fire_emu_12203.sock {"metadata":{"emulator":{"name":"functions"},"message":"[worker-api-a1d46478-d716-4067-beca-8e1ac0851930]: Assigning socketPath: /var/folders/lt/wlsxkr9s7gj941sm8z85j0n00000gn/T/fire_emu_12203.sock"}}
[debug] [2020-11-29T18:14:39.756Z] [worker-api-a1d46478-d716-4067-beca-8e1ac0851930]: BUSY {"metadata":{"emulator":{"name":"functions"},"message":"[worker-api-a1d46478-d716-4067-beca-8e1ac0851930]: BUSY"}}
[debug] [2020-11-29T18:14:39.972Z] [runtime-status] [12203] Functions runtime initialized. {"cwd":"/Users/musta88/Development/code/Amazon-clone/amazon-clone/functions","node_version":"13.12.0"} {"metadata":{"emulator":{"name":"functions"},"function":{"name":"api"},"message":"[runtime-status] [12203] Functions runtime initialized. {\"cwd\":\"/Users/musta88/Development/code/Amazon-clone/amazon-clone/functions\",\"node_version\":\"13.12.0\"}"}}
[debug] [2020-11-29T18:14:39.974Z] [runtime-status] [12203] Disabled runtime features: undefined {"metadata":{"emulator":{"name":"functions"},"function":{"name":"api"},"message":"[runtime-status] [12203] Disabled runtime features: undefined"}}
[debug] [2020-11-29T18:14:39.975Z] [runtime-status] [12203] Resolved module firebase-admin {"declared":true,"installed":true,"version":"9.4.1","resolution":"/Users/musta88/Development/code/Amazon-clone/amazon-clone/functions/node_modules/firebase-admin/lib/index.js"} {"metadata":{"emulator":{"name":"functions"},"function":{"name":"api"},"message":"[runtime-status] [12203] Resolved module firebase-admin {\"declared\":true,\"installed\":true,\"version\":\"9.4.1\",\"resolution\":\"/Users/musta88/Development/code/Amazon-clone/amazon-clone/functions/node_modules/firebase-admin/lib/index.js\"}"}}
[debug] [2020-11-29T18:14:39.976Z] [runtime-status] [12203] Resolved module firebase-functions {"declared":true,"installed":true,"version":"3.11.0","resolution":"/Users/musta88/Development/code/Amazon-clone/amazon-clone/functions/node_modules/firebase-functions/lib/index.js"} {"metadata":{"emulator":{"name":"functions"},"function":{"name":"api"},"message":"[runtime-status] [12203] Resolved module firebase-functions {\"declared\":true,\"installed\":true,\"version\":\"3.11.0\",\"resolution\":\"/Users/musta88/Development/code/Amazon-clone/amazon-clone/functions/node_modules/firebase-functions/lib/index.js\"}"}}
[debug] [2020-11-29T18:14:39.977Z] [runtime-status] [12203] Resolved module firebase-functions {"declared":true,"installed":true,"version":"3.11.0","resolution":"/Users/musta88/Development/code/Amazon-clone/amazon-clone/functions/node_modules/firebase-functions/lib/index.js"} {"metadata":{"emulator":{"name":"functions"},"function":{"name":"api"},"message":"[runtime-status] [12203] Resolved module firebase-functions {\"declared\":true,\"installed\":true,\"version\":\"3.11.0\",\"resolution\":\"/Users/musta88/Development/code/Amazon-clone/amazon-clone/functions/node_modules/firebase-functions/lib/index.js\"}"}}
[debug] [2020-11-29T18:14:39.979Z] [runtime-status] [12203] Outgoing network have been stubbed. [{"name":"http","status":"mocked"},{"name":"http","status":"mocked"},{"name":"https","status":"mocked"},{"name":"https","status":"mocked"},{"name":"net","status":"mocked"}] {"metadata":{"emulator":{"name":"functions"},"function":{"name":"api"},"message":"[runtime-status] [12203] Outgoing network have been stubbed. [{\"name\":\"http\",\"status\":\"mocked\"},{\"name\":\"http\",\"status\":\"mocked\"},{\"name\":\"https\",\"status\":\"mocked\"},{\"name\":\"https\",\"status\":\"mocked\"},{\"name\":\"net\",\"status\":\"mocked\"}]"}}
[debug] [2020-11-29T18:14:39.979Z] [runtime-status] [12203] Resolved module firebase-functions {"declared":true,"installed":true,"version":"3.11.0","resolution":"/Users/musta88/Development/code/Amazon-clone/amazon-clone/functions/node_modules/firebase-functions/lib/index.js"} {"metadata":{"emulator":{"name":"functions"},"function":{"name":"api"},"message":"[runtime-status] [12203] Resolved module firebase-functions {\"declared\":true,\"installed\":true,\"version\":\"3.11.0\",\"resolution\":\"/Users/musta88/Development/code/Amazon-clone/amazon-clone/functions/node_modules/firebase-functions/lib/index.js\"}"}}
[debug] [2020-11-29T18:14:40.006Z] [runtime-status] [12203] Checked functions.config() {"config":{}} {"metadata":{"emulator":{"name":"functions"},"function":{"name":"api"},"message":"[runtime-status] [12203] Checked functions.config() {\"config\":{}}"}}
[debug] [2020-11-29T18:14:40.006Z] [runtime-status] [12203] firebase-functions has been stubbed. {"functionsResolution":{"declared":true,"installed":true,"version":"3.11.0","resolution":"/Users/musta88/Development/code/Amazon-clone/amazon-clone/functions/node_modules/firebase-functions/lib/index.js"}} {"metadata":{"emulator":{"name":"functions"},"function":{"name":"api"},"message":"[runtime-status] [12203] firebase-functions has been stubbed. {\"functionsResolution\":{\"declared\":true,\"installed\":true,\"version\":\"3.11.0\",\"resolution\":\"/Users/musta88/Development/code/Amazon-clone/amazon-clone/functions/node_modules/firebase-functions/lib/index.js\"}}"}}
[debug] [2020-11-29T18:14:40.007Z] [runtime-status] [12203] Resolved module firebase-functions {"declared":true,"installed":true,"version":"3.11.0","resolution":"/Users/musta88/Development/code/Amazon-clone/amazon-clone/functions/node_modules/firebase-functions/lib/index.js"} {"metadata":{"emulator":{"name":"functions"},"function":{"name":"api"},"message":"[runtime-status] [12203] Resolved module firebase-functions {\"declared\":true,\"installed\":true,\"version\":\"3.11.0\",\"resolution\":\"/Users/musta88/Development/code/Amazon-clone/amazon-clone/functions/node_modules/firebase-functions/lib/index.js\"}"}}
[debug] [2020-11-29T18:14:40.007Z] [runtime-status] [12203] Resolved module firebase-admin {"declared":true,"installed":true,"version":"9.4.1","resolution":"/Users/musta88/Development/code/Amazon-clone/amazon-clone/functions/node_modules/firebase-admin/lib/index.js"} {"metadata":{"emulator":{"name":"functions"},"function":{"name":"api"},"message":"[runtime-status] [12203] Resolved module firebase-admin {\"declared\":true,\"installed\":true,\"version\":\"9.4.1\",\"resolution\":\"/Users/musta88/Development/code/Amazon-clone/amazon-clone/functions/node_modules/firebase-admin/lib/index.js\"}"}}
[debug] [2020-11-29T18:14:40.008Z] [runtime-status] [12203] Resolved module firebase-functions {"declared":true,"installed":true,"version":"3.11.0","resolution":"/Users/musta88/Development/code/Amazon-clone/amazon-clone/functions/node_modules/firebase-functions/lib/index.js"} {"metadata":{"emulator":{"name":"functions"},"function":{"name":"api"},"message":"[runtime-status] [12203] Resolved module firebase-functions {\"declared\":true,\"installed\":true,\"version\":\"3.11.0\",\"resolution\":\"/Users/musta88/Development/code/Amazon-clone/amazon-clone/functions/node_modules/firebase-functions/lib/index.js\"}"}}
[debug] [2020-11-29T18:14:40.008Z] [runtime-status] [12203] firebase-admin has been stubbed. {"adminResolution":{"declared":true,"installed":true,"version":"9.4.1","resolution":"/Users/musta88/Development/code/Amazon-clone/amazon-clone/functions/node_modules/firebase-admin/lib/index.js"}} {"metadata":{"emulator":{"name":"functions"},"function":{"name":"api"},"message":"[runtime-status] [12203] firebase-admin has been stubbed. {\"adminResolution\":{\"declared\":true,\"installed\":true,\"version\":\"9.4.1\",\"resolution\":\"/Users/musta88/Development/code/Amazon-clone/amazon-clone/functions/node_modules/firebase-admin/lib/index.js\"}}"}}
[debug] [2020-11-29T18:14:40.084Z] [runtime-status] [12203] Trigger "api" has been found, beginning invocation! {"metadata":{"emulator":{"name":"functions"},"function":{"name":"api"},"message":"[runtime-status] [12203] Trigger \"api\" has been found, beginning invocation!"}}
[info] i  functions: Beginning execution of "api" {"metadata":{"emulator":{"name":"functions"},"function":{"name":"api"},"message":"Beginning execution of \"api\""}}
[debug] [2020-11-29T18:14:40.085Z] [runtime-status] [12203] triggerDefinition {"httpsTrigger":{},"name":"api","entryPoint":"api"} {"metadata":{"emulator":{"name":"functions"},"function":{"name":"api"},"message":"[runtime-status] [12203] triggerDefinition {\"httpsTrigger\":{},\"name\":\"api\",\"entryPoint\":\"api\"}"}}
[debug] [2020-11-29T18:14:40.085Z] [runtime-status] [12203] Running api in mode HTTPS {"metadata":{"emulator":{"name":"functions"},"function":{"name":"api"},"message":"[runtime-status] [12203] Running api in mode HTTPS"}}
[debug] [2020-11-29T18:14:40.087Z] [runtime-status] [12203] Attempting to listen to socketPath: /var/folders/lt/wlsxkr9s7gj941sm8z85j0n00000gn/T/fire_emu_12203.sock {"metadata":{"emulator":{"name":"functions"},"function":{"name":"api"},"message":"[runtime-status] [12203] Attempting to listen to socketPath: /var/folders/lt/wlsxkr9s7gj941sm8z85j0n00000gn/T/fire_emu_12203.sock"}}
[debug] [2020-11-29T18:14:40.089Z] [functions] Runtime ready! Sending request! {"metadata":{"emulator":{"name":"functions"},"message":"[functions] Runtime ready! Sending request!"}}
[debug] [2020-11-29T18:14:40.094Z] [runtime-status] [12203] Ephemeral server handling GET request {"metadata":{"emulator":{"name":"functions"},"function":{"name":"api"},"message":"[runtime-status] [12203] Ephemeral server handling GET request"}}
[debug] [2020-11-29T18:14:40.100Z] [runtime-status] [12203] Ephemeral server survived. {"metadata":{"emulator":{"name":"functions"},"function":{"name":"api"},"message":"[runtime-status] [12203] Ephemeral server survived."}}
[info] i  functions: Finished "api" in ~1s {"metadata":{"emulator":{"name":"functions"},"function":{"name":"api"},"message":"Finished \"api\" in ~1s"}}
[debug] [2020-11-29T18:14:40.102Z] [worker-api-a1d46478-d716-4067-beca-8e1ac0851930]: IDLE {"metadata":{"emulator":{"name":"functions"},"message":"[worker-api-a1d46478-d716-4067-beca-8e1ac0851930]: IDLE"}}
[debug] [2020-11-29T18:14:40.102Z] [work-queue] {"queueLength":0,"workRunningCount":0}
[debug] [2020-11-29T18:14:40.424Z] Functions emulator received unknown request at path /favicon.ico
[debug] [2020-11-29T18:16:25.584Z] File /Users/musta88/Development/code/Amazon-clone/amazon-clone/functions/index.js changed, reloading triggers {"metadata":{"emulator":{"name":"functions"},"message":"File /Users/musta88/Development/code/Amazon-clone/amazon-clone/functions/index.js changed, reloading triggers"}}
[debug] [2020-11-29T18:16:26.589Z] [worker-pool] Shutting down IDLE worker (~diagnostic~) {"metadata":{"emulator":{"name":"functions"},"message":"[worker-pool] Shutting down IDLE worker (~diagnostic~)"}}
[debug] [2020-11-29T18:16:26.589Z] [worker-~diagnostic~-93a0ea36-7e2d-44b8-a167-4d2186b4b9c6]: FINISHING {"metadata":{"emulator":{"name":"functions"},"message":"[worker-~diagnostic~-93a0ea36-7e2d-44b8-a167-4d2186b4b9c6]: FINISHING"}}
[debug] [2020-11-29T18:16:26.589Z] [worker-pool] Shutting down IDLE worker (api) {"metadata":{"emulator":{"name":"functions"},"message":"[worker-pool] Shutting down IDLE worker (api)"}}
[debug] [2020-11-29T18:16:26.589Z] [worker-api-a1d46478-d716-4067-beca-8e1ac0851930]: FINISHING {"metadata":{"emulator":{"name":"functions"},"message":"[worker-api-a1d46478-d716-4067-beca-8e1ac0851930]: FINISHING"}}
[debug] [2020-11-29T18:16:26.594Z] [worker-pool] addWorker(~diagnostic~) {"metadata":{"emulator":{"name":"functions"},"message":"[worker-pool] addWorker(~diagnostic~)"}}
[debug] [2020-11-29T18:16:26.594Z] [worker-pool] Adding worker with key ~diagnostic~, total=2 {"metadata":{"emulator":{"name":"functions"},"message":"[worker-pool] Adding worker with key ~diagnostic~, total=2"}}
[debug] [2020-11-29T18:16:26.594Z] [worker-pool] submitWork(triggerId=) {"metadata":{"emulator":{"name":"functions"},"message":"[worker-pool] submitWork(triggerId=)"}}
[debug] [2020-11-29T18:16:26.594Z] [worker-~diagnostic~-04e4953a-8ed8-466b-9c44-865e244f5618]: Assigning socketPath: /var/folders/lt/wlsxkr9s7gj941sm8z85j0n00000gn/T/fire_emu_12237.sock {"metadata":{"emulator":{"name":"functions"},"message":"[worker-~diagnostic~-04e4953a-8ed8-466b-9c44-865e244f5618]: Assigning socketPath: /var/folders/lt/wlsxkr9s7gj941sm8z85j0n00000gn/T/fire_emu_12237.sock"}}
[debug] [2020-11-29T18:16:26.594Z] [worker-~diagnostic~-04e4953a-8ed8-466b-9c44-865e244f5618]: BUSY {"metadata":{"emulator":{"name":"functions"},"message":"[worker-~diagnostic~-04e4953a-8ed8-466b-9c44-865e244f5618]: BUSY"}}
[debug] [2020-11-29T18:16:26.595Z] [worker-~diagnostic~-93a0ea36-7e2d-44b8-a167-4d2186b4b9c6]: exited {"metadata":{"emulator":{"name":"functions"},"message":"[worker-~diagnostic~-93a0ea36-7e2d-44b8-a167-4d2186b4b9c6]: exited"}}
[debug] [2020-11-29T18:16:26.596Z] [worker-~diagnostic~-93a0ea36-7e2d-44b8-a167-4d2186b4b9c6]: FINISHED {"metadata":{"emulator":{"name":"functions"},"message":"[worker-~diagnostic~-93a0ea36-7e2d-44b8-a167-4d2186b4b9c6]: FINISHED"}}
[debug] [2020-11-29T18:16:26.596Z] [worker-api-a1d46478-d716-4067-beca-8e1ac0851930]: exited {"metadata":{"emulator":{"name":"functions"},"message":"[worker-api-a1d46478-d716-4067-beca-8e1ac0851930]: exited"}}
[debug] [2020-11-29T18:16:26.596Z] [worker-api-a1d46478-d716-4067-beca-8e1ac0851930]: FINISHED {"metadata":{"emulator":{"name":"functions"},"message":"[worker-api-a1d46478-d716-4067-beca-8e1ac0851930]: FINISHED"}}
[debug] [2020-11-29T18:16:26.816Z] [runtime-status] [12237] Functions runtime initialized. {"cwd":"/Users/musta88/Development/code/Amazon-clone/amazon-clone/functions","node_version":"13.12.0"} {"metadata":{"emulator":{"name":"functions"},"message":"[runtime-status] [12237] Functions runtime initialized. {\"cwd\":\"/Users/musta88/Development/code/Amazon-clone/amazon-clone/functions\",\"node_version\":\"13.12.0\"}"}}
[debug] [2020-11-29T18:16:26.818Z] [runtime-status] [12237] Disabled runtime features: undefined {"metadata":{"emulator":{"name":"functions"},"message":"[runtime-status] [12237] Disabled runtime features: undefined"}}
[debug] [2020-11-29T18:16:26.819Z] [runtime-status] [12237] Resolved module firebase-admin {"declared":true,"installed":true,"version":"9.4.1","resolution":"/Users/musta88/Development/code/Amazon-clone/amazon-clone/functions/node_modules/firebase-admin/lib/index.js"} {"metadata":{"emulator":{"name":"functions"},"message":"[runtime-status] [12237] Resolved module firebase-admin {\"declared\":true,\"installed\":true,\"version\":\"9.4.1\",\"resolution\":\"/Users/musta88/Development/code/Amazon-clone/amazon-clone/functions/node_modules/firebase-admin/lib/index.js\"}"}}
[debug] [2020-11-29T18:16:26.820Z] [runtime-status] [12237] Resolved module firebase-functions {"declared":true,"installed":true,"version":"3.11.0","resolution":"/Users/musta88/Development/code/Amazon-clone/amazon-clone/functions/node_modules/firebase-functions/lib/index.js"} {"metadata":{"emulator":{"name":"functions"},"message":"[runtime-status] [12237] Resolved module firebase-functions {\"declared\":true,\"installed\":true,\"version\":\"3.11.0\",\"resolution\":\"/Users/musta88/Development/code/Amazon-clone/amazon-clone/functions/node_modules/firebase-functions/lib/index.js\"}"}}
[debug] [2020-11-29T18:16:26.821Z] [runtime-status] [12237] Resolved module firebase-functions {"declared":true,"installed":true,"version":"3.11.0","resolution":"/Users/musta88/Development/code/Amazon-clone/amazon-clone/functions/node_modules/firebase-functions/lib/index.js"} {"metadata":{"emulator":{"name":"functions"},"message":"[runtime-status] [12237] Resolved module firebase-functions {\"declared\":true,\"installed\":true,\"version\":\"3.11.0\",\"resolution\":\"/Users/musta88/Development/code/Amazon-clone/amazon-clone/functions/node_modules/firebase-functions/lib/index.js\"}"}}
[debug] [2020-11-29T18:16:26.823Z] [runtime-status] [12237] Outgoing network have been stubbed. [{"name":"http","status":"mocked"},{"name":"http","status":"mocked"},{"name":"https","status":"mocked"},{"name":"https","status":"mocked"},{"name":"net","status":"mocked"}] {"metadata":{"emulator":{"name":"functions"},"message":"[runtime-status] [12237] Outgoing network have been stubbed. [{\"name\":\"http\",\"status\":\"mocked\"},{\"name\":\"http\",\"status\":\"mocked\"},{\"name\":\"https\",\"status\":\"mocked\"},{\"name\":\"https\",\"status\":\"mocked\"},{\"name\":\"net\",\"status\":\"mocked\"}]"}}
[debug] [2020-11-29T18:16:26.823Z] [runtime-status] [12237] Resolved module firebase-functions {"declared":true,"installed":true,"version":"3.11.0","resolution":"/Users/musta88/Development/code/Amazon-clone/amazon-clone/functions/node_modules/firebase-functions/lib/index.js"} {"metadata":{"emulator":{"name":"functions"},"message":"[runtime-status] [12237] Resolved module firebase-functions {\"declared\":true,\"installed\":true,\"version\":\"3.11.0\",\"resolution\":\"/Users/musta88/Development/code/Amazon-clone/amazon-clone/functions/node_modules/firebase-functions/lib/index.js\"}"}}
[debug] [2020-11-29T18:16:26.852Z] [runtime-status] [12237] Checked functions.config() {"config":{}} {"metadata":{"emulator":{"name":"functions"},"message":"[runtime-status] [12237] Checked functions.config() {\"config\":{}}"}}
[debug] [2020-11-29T18:16:26.852Z] [runtime-status] [12237] firebase-functions has been stubbed. {"functionsResolution":{"declared":true,"installed":true,"version":"3.11.0","resolution":"/Users/musta88/Development/code/Amazon-clone/amazon-clone/functions/node_modules/firebase-functions/lib/index.js"}} {"metadata":{"emulator":{"name":"functions"},"message":"[runtime-status] [12237] firebase-functions has been stubbed. {\"functionsResolution\":{\"declared\":true,\"installed\":true,\"version\":\"3.11.0\",\"resolution\":\"/Users/musta88/Development/code/Amazon-clone/amazon-clone/functions/node_modules/firebase-functions/lib/index.js\"}}"}}
[debug] [2020-11-29T18:16:26.852Z] [runtime-status] [12237] Resolved module firebase-functions {"declared":true,"installed":true,"version":"3.11.0","resolution":"/Users/musta88/Development/code/Amazon-clone/amazon-clone/functions/node_modules/firebase-functions/lib/index.js"} {"metadata":{"emulator":{"name":"functions"},"message":"[runtime-status] [12237] Resolved module firebase-functions {\"declared\":true,\"installed\":true,\"version\":\"3.11.0\",\"resolution\":\"/Users/musta88/Development/code/Amazon-clone/amazon-clone/functions/node_modules/firebase-functions/lib/index.js\"}"}}
[debug] [2020-11-29T18:16:26.852Z] [runtime-status] [12237] Resolved module firebase-admin {"declared":true,"installed":true,"version":"9.4.1","resolution":"/Users/musta88/Development/code/Amazon-clone/amazon-clone/functions/node_modules/firebase-admin/lib/index.js"} {"metadata":{"emulator":{"name":"functions"},"message":"[runtime-status] [12237] Resolved module firebase-admin {\"declared\":true,\"installed\":true,\"version\":\"9.4.1\",\"resolution\":\"/Users/musta88/Development/code/Amazon-clone/amazon-clone/functions/node_modules/firebase-admin/lib/index.js\"}"}}
[debug] [2020-11-29T18:16:26.852Z] [runtime-status] [12237] Resolved module firebase-functions {"declared":true,"installed":true,"version":"3.11.0","resolution":"/Users/musta88/Development/code/Amazon-clone/amazon-clone/functions/node_modules/firebase-functions/lib/index.js"} {"metadata":{"emulator":{"name":"functions"},"message":"[runtime-status] [12237] Resolved module firebase-functions {\"declared\":true,\"installed\":true,\"version\":\"3.11.0\",\"resolution\":\"/Users/musta88/Development/code/Amazon-clone/amazon-clone/functions/node_modules/firebase-functions/lib/index.js\"}"}}
[debug] [2020-11-29T18:16:26.852Z] [runtime-status] [12237] firebase-admin has been stubbed. {"adminResolution":{"declared":true,"installed":true,"version":"9.4.1","resolution":"/Users/musta88/Development/code/Amazon-clone/amazon-clone/functions/node_modules/firebase-admin/lib/index.js"}} {"metadata":{"emulator":{"name":"functions"},"message":"[runtime-status] [12237] firebase-admin has been stubbed. {\"adminResolution\":{\"declared\":true,\"installed\":true,\"version\":\"9.4.1\",\"resolution\":\"/Users/musta88/Development/code/Amazon-clone/amazon-clone/functions/node_modules/firebase-admin/lib/index.js\"}}"}}
[debug] [2020-11-29T18:16:26.932Z] [worker-~diagnostic~-04e4953a-8ed8-466b-9c44-865e244f5618]: IDLE {"metadata":{"emulator":{"name":"functions"},"message":"[worker-~diagnostic~-04e4953a-8ed8-466b-9c44-865e244f5618]: IDLE"}}
[debug] [2020-11-29T18:19:09.463Z] File /Users/musta88/Development/code/Amazon-clone/amazon-clone/functions/index.js changed, reloading triggers {"metadata":{"emulator":{"name":"functions"},"message":"File /Users/musta88/Development/code/Amazon-clone/amazon-clone/functions/index.js changed, reloading triggers"}}
[debug] [2020-11-29T18:19:10.464Z] [worker-pool] Shutting down IDLE worker (~diagnostic~) {"metadata":{"emulator":{"name":"functions"},"message":"[worker-pool] Shutting down IDLE worker (~diagnostic~)"}}
[debug] [2020-11-29T18:19:10.464Z] [worker-~diagnostic~-04e4953a-8ed8-466b-9c44-865e244f5618]: FINISHING {"metadata":{"emulator":{"name":"functions"},"message":"[worker-~diagnostic~-04e4953a-8ed8-466b-9c44-865e244f5618]: FINISHING"}}
[debug] [2020-11-29T18:19:10.465Z] [worker-pool] Cleaned up workers for ~diagnostic~: 2 --> 1 {"metadata":{"emulator":{"name":"functions"},"message":"[worker-pool] Cleaned up workers for ~diagnostic~: 2 --> 1"}}
[debug] [2020-11-29T18:19:10.466Z] [worker-pool] Cleaned up workers for api: 1 --> 0 {"metadata":{"emulator":{"name":"functions"},"message":"[worker-pool] Cleaned up workers for api: 1 --> 0"}}
[debug] [2020-11-29T18:19:10.472Z] [worker-pool] addWorker(~diagnostic~) {"metadata":{"emulator":{"name":"functions"},"message":"[worker-pool] addWorker(~diagnostic~)"}}
[debug] [2020-11-29T18:19:10.472Z] [worker-pool] Adding worker with key ~diagnostic~, total=2 {"metadata":{"emulator":{"name":"functions"},"message":"[worker-pool] Adding worker with key ~diagnostic~, total=2"}}
[debug] [2020-11-29T18:19:10.473Z] [worker-pool] submitWork(triggerId=) {"metadata":{"emulator":{"name":"functions"},"message":"[worker-pool] submitWork(triggerId=)"}}
[debug] [2020-11-29T18:19:10.473Z] [worker-~diagnostic~-190578a9-05fa-418f-8962-5dc34c78b12a]: Assigning socketPath: /var/folders/lt/wlsxkr9s7gj941sm8z85j0n00000gn/T/fire_emu_12278.sock {"metadata":{"emulator":{"name":"functions"},"message":"[worker-~diagnostic~-190578a9-05fa-418f-8962-5dc34c78b12a]: Assigning socketPath: /var/folders/lt/wlsxkr9s7gj941sm8z85j0n00000gn/T/fire_emu_12278.sock"}}
[debug] [2020-11-29T18:19:10.473Z] [worker-~diagnostic~-190578a9-05fa-418f-8962-5dc34c78b12a]: BUSY {"metadata":{"emulator":{"name":"functions"},"message":"[worker-~diagnostic~-190578a9-05fa-418f-8962-5dc34c78b12a]: BUSY"}}
[debug] [2020-11-29T18:19:10.474Z] [worker-~diagnostic~-04e4953a-8ed8-466b-9c44-865e244f5618]: exited {"metadata":{"emulator":{"name":"functions"},"message":"[worker-~diagnostic~-04e4953a-8ed8-466b-9c44-865e244f5618]: exited"}}
[debug] [2020-11-29T18:19:10.474Z] [worker-~diagnostic~-04e4953a-8ed8-466b-9c44-865e244f5618]: FINISHED {"metadata":{"emulator":{"name":"functions"},"message":"[worker-~diagnostic~-04e4953a-8ed8-466b-9c44-865e244f5618]: FINISHED"}}
[debug] [2020-11-29T18:19:10.689Z] [runtime-status] [12278] Functions runtime initialized. {"cwd":"/Users/musta88/Development/code/Amazon-clone/amazon-clone/functions","node_version":"13.12.0"} {"metadata":{"emulator":{"name":"functions"},"message":"[runtime-status] [12278] Functions runtime initialized. {\"cwd\":\"/Users/musta88/Development/code/Amazon-clone/amazon-clone/functions\",\"node_version\":\"13.12.0\"}"}}
[debug] [2020-11-29T18:19:10.690Z] [runtime-status] [12278] Disabled runtime features: undefined {"metadata":{"emulator":{"name":"functions"},"message":"[runtime-status] [12278] Disabled runtime features: undefined"}}
[debug] [2020-11-29T18:19:10.692Z] [runtime-status] [12278] Resolved module firebase-admin {"declared":true,"installed":true,"version":"9.4.1","resolution":"/Users/musta88/Development/code/Amazon-clone/amazon-clone/functions/node_modules/firebase-admin/lib/index.js"} {"metadata":{"emulator":{"name":"functions"},"message":"[runtime-status] [12278] Resolved module firebase-admin {\"declared\":true,\"installed\":true,\"version\":\"9.4.1\",\"resolution\":\"/Users/musta88/Development/code/Amazon-clone/amazon-clone/functions/node_modules/firebase-admin/lib/index.js\"}"}}
[debug] [2020-11-29T18:19:10.693Z] [runtime-status] [12278] Resolved module firebase-functions {"declared":true,"installed":true,"version":"3.11.0","resolution":"/Users/musta88/Development/code/Amazon-clone/amazon-clone/functions/node_modules/firebase-functions/lib/index.js"} {"metadata":{"emulator":{"name":"functions"},"message":"[runtime-status] [12278] Resolved module firebase-functions {\"declared\":true,\"installed\":true,\"version\":\"3.11.0\",\"resolution\":\"/Users/musta88/Development/code/Amazon-clone/amazon-clone/functions/node_modules/firebase-functions/lib/index.js\"}"}}
[debug] [2020-11-29T18:19:10.694Z] [runtime-status] [12278] Resolved module firebase-functions {"declared":true,"installed":true,"version":"3.11.0","resolution":"/Users/musta88/Development/code/Amazon-clone/amazon-clone/functions/node_modules/firebase-functions/lib/index.js"} {"metadata":{"emulator":{"name":"functions"},"message":"[runtime-status] [12278] Resolved module firebase-functions {\"declared\":true,\"installed\":true,\"version\":\"3.11.0\",\"resolution\":\"/Users/musta88/Development/code/Amazon-clone/amazon-clone/functions/node_modules/firebase-functions/lib/index.js\"}"}}
[debug] [2020-11-29T18:19:10.696Z] [runtime-status] [12278] Outgoing network have been stubbed. [{"name":"http","status":"mocked"},{"name":"http","status":"mocked"},{"name":"https","status":"mocked"},{"name":"https","status":"mocked"},{"name":"net","status":"mocked"}] {"metadata":{"emulator":{"name":"functions"},"message":"[runtime-status] [12278] Outgoing network have been stubbed. [{\"name\":\"http\",\"status\":\"mocked\"},{\"name\":\"http\",\"status\":\"mocked\"},{\"name\":\"https\",\"status\":\"mocked\"},{\"name\":\"https\",\"status\":\"mocked\"},{\"name\":\"net\",\"status\":\"mocked\"}]"}}
[debug] [2020-11-29T18:19:10.696Z] [runtime-status] [12278] Resolved module firebase-functions {"declared":true,"installed":true,"version":"3.11.0","resolution":"/Users/musta88/Development/code/Amazon-clone/amazon-clone/functions/node_modules/firebase-functions/lib/index.js"} {"metadata":{"emulator":{"name":"functions"},"message":"[runtime-status] [12278] Resolved module firebase-functions {\"declared\":true,\"installed\":true,\"version\":\"3.11.0\",\"resolution\":\"/Users/musta88/Development/code/Amazon-clone/amazon-clone/functions/node_modules/firebase-functions/lib/index.js\"}"}}
[debug] [2020-11-29T18:19:10.722Z] [runtime-status] [12278] Checked functions.config() {"config":{}} {"metadata":{"emulator":{"name":"functions"},"message":"[runtime-status] [12278] Checked functions.config() {\"config\":{}}"}}
[debug] [2020-11-29T18:19:10.722Z] [runtime-status] [12278] firebase-functions has been stubbed. {"functionsResolution":{"declared":true,"installed":true,"version":"3.11.0","resolution":"/Users/musta88/Development/code/Amazon-clone/amazon-clone/functions/node_modules/firebase-functions/lib/index.js"}} {"metadata":{"emulator":{"name":"functions"},"message":"[runtime-status] [12278] firebase-functions has been stubbed. {\"functionsResolution\":{\"declared\":true,\"installed\":true,\"version\":\"3.11.0\",\"resolution\":\"/Users/musta88/Development/code/Amazon-clone/amazon-clone/functions/node_modules/firebase-functions/lib/index.js\"}}"}}
[debug] [2020-11-29T18:19:10.722Z] [runtime-status] [12278] Resolved module firebase-functions {"declared":true,"installed":true,"version":"3.11.0","resolution":"/Users/musta88/Development/code/Amazon-clone/amazon-clone/functions/node_modules/firebase-functions/lib/index.js"} {"metadata":{"emulator":{"name":"functions"},"message":"[runtime-status] [12278] Resolved module firebase-functions {\"declared\":true,\"installed\":true,\"version\":\"3.11.0\",\"resolution\":\"/Users/musta88/Development/code/Amazon-clone/amazon-clone/functions/node_modules/firebase-functions/lib/index.js\"}"}}
[debug] [2020-11-29T18:19:10.723Z] [runtime-status] [12278] Resolved module firebase-admin {"declared":true,"installed":true,"version":"9.4.1","resolution":"/Users/musta88/Development/code/Amazon-clone/amazon-clone/functions/node_modules/firebase-admin/lib/index.js"} {"metadata":{"emulator":{"name":"functions"},"message":"[runtime-status] [12278] Resolved module firebase-admin {\"declared\":true,\"installed\":true,\"version\":\"9.4.1\",\"resolution\":\"/Users/musta88/Development/code/Amazon-clone/amazon-clone/functions/node_modules/firebase-admin/lib/index.js\"}"}}
[debug] [2020-11-29T18:19:10.724Z] [runtime-status] [12278] Resolved module firebase-functions {"declared":true,"installed":true,"version":"3.11.0","resolution":"/Users/musta88/Development/code/Amazon-clone/amazon-clone/functions/node_modules/firebase-functions/lib/index.js"} {"metadata":{"emulator":{"name":"functions"},"message":"[runtime-status] [12278] Resolved module firebase-functions {\"declared\":true,\"installed\":true,\"version\":\"3.11.0\",\"resolution\":\"/Users/musta88/Development/code/Amazon-clone/amazon-clone/functions/node_modules/firebase-functions/lib/index.js\"}"}}
[debug] [2020-11-29T18:19:10.724Z] [runtime-status] [12278] firebase-admin has been stubbed. {"adminResolution":{"declared":true,"installed":true,"version":"9.4.1","resolution":"/Users/musta88/Development/code/Amazon-clone/amazon-clone/functions/node_modules/firebase-admin/lib/index.js"}} {"metadata":{"emulator":{"name":"functions"},"message":"[runtime-status] [12278] firebase-admin has been stubbed. {\"adminResolution\":{\"declared\":true,\"installed\":true,\"version\":\"9.4.1\",\"resolution\":\"/Users/musta88/Development/code/Amazon-clone/amazon-clone/functions/node_modules/firebase-admin/lib/index.js\"}}"}}
[debug] [2020-11-29T18:19:10.833Z] [worker-~diagnostic~-190578a9-05fa-418f-8962-5dc34c78b12a]: IDLE {"metadata":{"emulator":{"name":"functions"},"message":"[worker-~diagnostic~-190578a9-05fa-418f-8962-5dc34c78b12a]: IDLE"}}
[debug] [2020-11-29T18:20:40.968Z] File /Users/musta88/Development/code/Amazon-clone/amazon-clone/functions/index.js changed, reloading triggers {"metadata":{"emulator":{"name":"functions"},"message":"File /Users/musta88/Development/code/Amazon-clone/amazon-clone/functions/index.js changed, reloading triggers"}}
[debug] [2020-11-29T18:20:41.974Z] [worker-pool] Shutting down IDLE worker (~diagnostic~) {"metadata":{"emulator":{"name":"functions"},"message":"[worker-pool] Shutting down IDLE worker (~diagnostic~)"}}
[debug] [2020-11-29T18:20:41.974Z] [worker-~diagnostic~-190578a9-05fa-418f-8962-5dc34c78b12a]: FINISHING {"metadata":{"emulator":{"name":"functions"},"message":"[worker-~diagnostic~-190578a9-05fa-418f-8962-5dc34c78b12a]: FINISHING"}}
[debug] [2020-11-29T18:20:41.974Z] [worker-pool] Cleaned up workers for ~diagnostic~: 2 --> 1 {"metadata":{"emulator":{"name":"functions"},"message":"[worker-pool] Cleaned up workers for ~diagnostic~: 2 --> 1"}}
[debug] [2020-11-29T18:20:41.979Z] [worker-pool] addWorker(~diagnostic~) {"metadata":{"emulator":{"name":"functions"},"message":"[worker-pool] addWorker(~diagnostic~)"}}
[debug] [2020-11-29T18:20:41.979Z] [worker-pool] Adding worker with key ~diagnostic~, total=2 {"metadata":{"emulator":{"name":"functions"},"message":"[worker-pool] Adding worker with key ~diagnostic~, total=2"}}
[debug] [2020-11-29T18:20:41.980Z] [worker-pool] submitWork(triggerId=) {"metadata":{"emulator":{"name":"functions"},"message":"[worker-pool] submitWork(triggerId=)"}}
[debug] [2020-11-29T18:20:41.980Z] [worker-~diagnostic~-9bec0a0e-24b4-4d65-8c3c-8f1dc9b69146]: Assigning socketPath: /var/folders/lt/wlsxkr9s7gj941sm8z85j0n00000gn/T/fire_emu_12305.sock {"metadata":{"emulator":{"name":"functions"},"message":"[worker-~diagnostic~-9bec0a0e-24b4-4d65-8c3c-8f1dc9b69146]: Assigning socketPath: /var/folders/lt/wlsxkr9s7gj941sm8z85j0n00000gn/T/fire_emu_12305.sock"}}
[debug] [2020-11-29T18:20:41.980Z] [worker-~diagnostic~-9bec0a0e-24b4-4d65-8c3c-8f1dc9b69146]: BUSY {"metadata":{"emulator":{"name":"functions"},"message":"[worker-~diagnostic~-9bec0a0e-24b4-4d65-8c3c-8f1dc9b69146]: BUSY"}}
[debug] [2020-11-29T18:20:41.981Z] [worker-~diagnostic~-190578a9-05fa-418f-8962-5dc34c78b12a]: exited {"metadata":{"emulator":{"name":"functions"},"message":"[worker-~diagnostic~-190578a9-05fa-418f-8962-5dc34c78b12a]: exited"}}
[debug] [2020-11-29T18:20:41.981Z] [worker-~diagnostic~-190578a9-05fa-418f-8962-5dc34c78b12a]: FINISHED {"metadata":{"emulator":{"name":"functions"},"message":"[worker-~diagnostic~-190578a9-05fa-418f-8962-5dc34c78b12a]: FINISHED"}}
[debug] [2020-11-29T18:20:42.207Z] [runtime-status] [12305] Functions runtime initialized. {"cwd":"/Users/musta88/Development/code/Amazon-clone/amazon-clone/functions","node_version":"13.12.0"} {"metadata":{"emulator":{"name":"functions"},"message":"[runtime-status] [12305] Functions runtime initialized. {\"cwd\":\"/Users/musta88/Development/code/Amazon-clone/amazon-clone/functions\",\"node_version\":\"13.12.0\"}"}}
[debug] [2020-11-29T18:20:42.210Z] [runtime-status] [12305] Disabled runtime features: undefined {"metadata":{"emulator":{"name":"functions"},"message":"[runtime-status] [12305] Disabled runtime features: undefined"}}
[debug] [2020-11-29T18:20:42.210Z] [runtime-status] [12305] Resolved module firebase-admin {"declared":true,"installed":true,"version":"9.4.1","resolution":"/Users/musta88/Development/code/Amazon-clone/amazon-clone/functions/node_modules/firebase-admin/lib/index.js"} {"metadata":{"emulator":{"name":"functions"},"message":"[runtime-status] [12305] Resolved module firebase-admin {\"declared\":true,\"installed\":true,\"version\":\"9.4.1\",\"resolution\":\"/Users/musta88/Development/code/Amazon-clone/amazon-clone/functions/node_modules/firebase-admin/lib/index.js\"}"}}
[debug] [2020-11-29T18:20:42.211Z] [runtime-status] [12305] Resolved module firebase-functions {"declared":true,"installed":true,"version":"3.11.0","resolution":"/Users/musta88/Development/code/Amazon-clone/amazon-clone/functions/node_modules/firebase-functions/lib/index.js"} {"metadata":{"emulator":{"name":"functions"},"message":"[runtime-status] [12305] Resolved module firebase-functions {\"declared\":true,\"installed\":true,\"version\":\"3.11.0\",\"resolution\":\"/Users/musta88/Development/code/Amazon-clone/amazon-clone/functions/node_modules/firebase-functions/lib/index.js\"}"}}
[debug] [2020-11-29T18:20:42.212Z] [runtime-status] [12305] Resolved module firebase-functions {"declared":true,"installed":true,"version":"3.11.0","resolution":"/Users/musta88/Development/code/Amazon-clone/amazon-clone/functions/node_modules/firebase-functions/lib/index.js"} {"metadata":{"emulator":{"name":"functions"},"message":"[runtime-status] [12305] Resolved module firebase-functions {\"declared\":true,\"installed\":true,\"version\":\"3.11.0\",\"resolution\":\"/Users/musta88/Development/code/Amazon-clone/amazon-clone/functions/node_modules/firebase-functions/lib/index.js\"}"}}
[debug] [2020-11-29T18:20:42.214Z] [runtime-status] [12305] Outgoing network have been stubbed. [{"name":"http","status":"mocked"},{"name":"http","status":"mocked"},{"name":"https","status":"mocked"},{"name":"https","status":"mocked"},{"name":"net","status":"mocked"}] {"metadata":{"emulator":{"name":"functions"},"message":"[runtime-status] [12305] Outgoing network have been stubbed. [{\"name\":\"http\",\"status\":\"mocked\"},{\"name\":\"http\",\"status\":\"mocked\"},{\"name\":\"https\",\"status\":\"mocked\"},{\"name\":\"https\",\"status\":\"mocked\"},{\"name\":\"net\",\"status\":\"mocked\"}]"}}
[debug] [2020-11-29T18:20:42.214Z] [runtime-status] [12305] Resolved module firebase-functions {"declared":true,"installed":true,"version":"3.11.0","resolution":"/Users/musta88/Development/code/Amazon-clone/amazon-clone/functions/node_modules/firebase-functions/lib/index.js"} {"metadata":{"emulator":{"name":"functions"},"message":"[runtime-status] [12305] Resolved module firebase-functions {\"declared\":true,\"installed\":true,\"version\":\"3.11.0\",\"resolution\":\"/Users/musta88/Development/code/Amazon-clone/amazon-clone/functions/node_modules/firebase-functions/lib/index.js\"}"}}
[debug] [2020-11-29T18:20:42.242Z] [runtime-status] [12305] Checked functions.config() {"config":{}} {"metadata":{"emulator":{"name":"functions"},"message":"[runtime-status] [12305] Checked functions.config() {\"config\":{}}"}}
[debug] [2020-11-29T18:20:42.242Z] [runtime-status] [12305] firebase-functions has been stubbed. {"functionsResolution":{"declared":true,"installed":true,"version":"3.11.0","resolution":"/Users/musta88/Development/code/Amazon-clone/amazon-clone/functions/node_modules/firebase-functions/lib/index.js"}} {"metadata":{"emulator":{"name":"functions"},"message":"[runtime-status] [12305] firebase-functions has been stubbed. {\"functionsResolution\":{\"declared\":true,\"installed\":true,\"version\":\"3.11.0\",\"resolution\":\"/Users/musta88/Development/code/Amazon-clone/amazon-clone/functions/node_modules/firebase-functions/lib/index.js\"}}"}}
[debug] [2020-11-29T18:20:42.242Z] [runtime-status] [12305] Resolved module firebase-functions {"declared":true,"installed":true,"version":"3.11.0","resolution":"/Users/musta88/Development/code/Amazon-clone/amazon-clone/functions/node_modules/firebase-functions/lib/index.js"} {"metadata":{"emulator":{"name":"functions"},"message":"[runtime-status] [12305] Resolved module firebase-functions {\"declared\":true,\"installed\":true,\"version\":\"3.11.0\",\"resolution\":\"/Users/musta88/Development/code/Amazon-clone/amazon-clone/functions/node_modules/firebase-functions/lib/index.js\"}"}}
[debug] [2020-11-29T18:20:42.243Z] [runtime-status] [12305] Resolved module firebase-admin {"declared":true,"installed":true,"version":"9.4.1","resolution":"/Users/musta88/Development/code/Amazon-clone/amazon-clone/functions/node_modules/firebase-admin/lib/index.js"} {"metadata":{"emulator":{"name":"functions"},"message":"[runtime-status] [12305] Resolved module firebase-admin {\"declared\":true,\"installed\":true,\"version\":\"9.4.1\",\"resolution\":\"/Users/musta88/Development/code/Amazon-clone/amazon-clone/functions/node_modules/firebase-admin/lib/index.js\"}"}}
[debug] [2020-11-29T18:20:42.243Z] [runtime-status] [12305] Resolved module firebase-functions {"declared":true,"installed":true,"version":"3.11.0","resolution":"/Users/musta88/Development/code/Amazon-clone/amazon-clone/functions/node_modules/firebase-functions/lib/index.js"} {"metadata":{"emulator":{"name":"functions"},"message":"[runtime-status] [12305] Resolved module firebase-functions {\"declared\":true,\"installed\":true,\"version\":\"3.11.0\",\"resolution\":\"/Users/musta88/Development/code/Amazon-clone/amazon-clone/functions/node_modules/firebase-functions/lib/index.js\"}"}}
[debug] [2020-11-29T18:20:42.243Z] [runtime-status] [12305] firebase-admin has been stubbed. {"adminResolution":{"declared":true,"installed":true,"version":"9.4.1","resolution":"/Users/musta88/Development/code/Amazon-clone/amazon-clone/functions/node_modules/firebase-admin/lib/index.js"}} {"metadata":{"emulator":{"name":"functions"},"message":"[runtime-status] [12305] firebase-admin has been stubbed. {\"adminResolution\":{\"declared\":true,\"installed\":true,\"version\":\"9.4.1\",\"resolution\":\"/Users/musta88/Development/code/Amazon-clone/amazon-clone/functions/node_modules/firebase-admin/lib/index.js\"}}"}}
[debug] [2020-11-29T18:20:42.320Z] [worker-~diagnostic~-9bec0a0e-24b4-4d65-8c3c-8f1dc9b69146]: IDLE {"metadata":{"emulator":{"name":"functions"},"message":"[worker-~diagnostic~-9bec0a0e-24b4-4d65-8c3c-8f1dc9b69146]: IDLE"}}
